#
# A fatal error has been detected by the Java Runtime Environment:
#
#  SIGSEGV (0xb) at pc=0x000000010a9f6519, pid=1689, tid=0x000000000000620b
#
# JRE version: OpenJDK Runtime Environment (8.0_112-b05) (build 1.8.0_112-release-b05)
# Java VM: OpenJDK 64-Bit Server VM (25.112-b05 mixed mode bsd-amd64 compressed oops)
# Problematic frame:
# C  [libzip.dylib+0x3519]  ZIP_GetEntry2+0xc0
#
# Failed to write core dump. Core dumps have been disabled. To enable core dumping, try "ulimit -c unlimited" before starting Java again
#
# If you would like to submit a bug report, please visit:
#   http://bugreport.java.com/bugreport/crash.jsp
# The crash happened outside the Java Virtual Machine in native code.
# See problematic frame for where to report the bug.
#

---------------  T H R E A D  ---------------

Current thread (0x00007fd8d4a1e800):  JavaThread "Daemon worker Thread 3" [_thread_in_native, id=25099, stack(0x0000700001965000,0x0000700001a65000)]

siginfo: si_signo: 11 (SIGSEGV), si_code: 1 (SEGV_MAPERR), si_addr: 0x00007fd435685160

Registers:
RAX=0x00000000b61600b6, RBX=0x00007fd8d2905a80, RCX=0x0000000000000014, RDX=0x00007fd8d2905c48
RSP=0x0000700001a60bf0, RBP=0x0000700001a60c40, RSI=0x000000010c286b76, RDI=0x0000000000000102
R8 =0x0000000000000001, R9 =0x0000000000000001, R10=0x000000010c653b18, R11=0x00006ff858d565de
R12=0x00007fd8d4084600, R13=0xfffffffb61600b60, R14=0x000000004fab56fb, R15=0x00007fd8d2906200
RIP=0x000000010a9f6519, EFLAGS=0x0000000000010287, ERR=0x0000000000000004
  TRAPNO=0x000000000000000e

Top of Stack: (sp=0x0000700001a60bf0)
0x0000700001a60bf0:   0000700001a60c94 0000700001a60c93
0x0000700001a60c00:   0000003400000000 0000003501a1e800
0x0000700001a60c10:   0000700001a60c5e 0000700001a610a8
0x0000700001a60c20:   0000000000000035 0000700001a60c5e
0x0000700001a60c30:   00007fd8d2905a80 00007fd8d4a1e9e0
0x0000700001a60c40:   0000700001a61090 000000010a9f5238
0x0000700001a60c50:   00007fd8d6d74668 726f700000000001
0x0000700001a60c60:   656c646172672f67 736e6967756c702f
0x0000700001a60c70:   6564692f6564692f 2f6c65646f6d2f61
0x0000700001a60c80:   6b726f5761656449 6c632e6563617073
0x0000700001a60c90:   0000700000737361 0000700001a60f78
0x0000700001a60ca0:   0000700001a60d00 00007fff85110ed2
0x0000700001a60cb0:   0000700001a60e88 0000700001a60e78
0x0000700001a60cc0:   000000010bfdd1b0 0000700001a60e68
0x0000700001a60cd0:   0000700001a60d30 0000000000000000
0x0000700001a60ce0:   000000010bfdd1b2 0000000000000042
0x0000700001a60cf0:   0000000000000000 00007fff8515a9a0
0x0000700001a60d00:   0000700001a610f0 00007fff8511b653
0x0000700001a60d10:   000000010bfb1884 0000000000000000
0x0000700001a60d20:   ffffffffffffffff 0000000000000000
0x0000700001a60d30:   0000700001a61120 00007fff8511b9bd
0x0000700001a60d40:   000000020bfa70b9 0000700001a617a0
0x0000700001a60d50:   000000000000003d 00007fff8515a9a0
0x0000700001a60d60:   00007fff7469b6b8 00000000ffffffff
0x0000700001a60d70:   0000000700000000 0000000000000001
0x0000700001a60d80:   000000010bfdd1b0 0000000000000001
0x0000700001a60d90:   00007fff8515c5a9 0000000000000001
0x0000700001a60da0:   0000000000000000 0000000000000000
0x0000700001a60db0:   0000700001a61528 0000000000000042
0x0000700001a60dc0:   0000000000000000 0000000100000001
0x0000700001a60dd0:   0000700001a61200 0000000000000000
0x0000700001a60de0:   0000000000000000 0000000000000001 

Instructions: (pc=0x000000010a9f6519)
0x000000010a9f64f9:   c1 48 89 4d b0 41 ff cf 49 c1 e7 20 4c 89 7d c0
0x000000010a9f6509:   e9 ef 00 00 00 4c 8b 63 70 4c 63 e8 49 c1 e5 04
0x000000010a9f6519:   47 39 34 2c 75 58 4b 8d 34 2c 31 d2 48 89 df e8
0x000000010a9f6529:   11 f8 ff ff 48 85 c0 74 45 49 89 c7 41 8b 47 44 

Register to memory mapping:

RAX=0x00000000b61600b6 is an unknown value
RBX=0x00007fd8d2905a80 is an unknown value
RCX=0x0000000000000014 is an unknown value
RDX=0x00007fd8d2905c48 is an unknown value
RSP=0x0000700001a60bf0 is pointing into the stack for thread: 0x00007fd8d4a1e800
RBP=0x0000700001a60c40 is pointing into the stack for thread: 0x00007fd8d4a1e800
RSI=0x000000010c286b76: AssumeMP+0 in /Applications/Android Studio.app/Contents/jre/jdk/Contents/Home/jre/lib/server/libjvm.dylib at 0x000000010ba00000
RDI=0x0000000000000102 is an unknown value
R8 =0x0000000000000001 is an unknown value
R9 =0x0000000000000001 is an unknown value
R10=0x000000010c653b18 is at entry_point+88 in (nmethod*)0x000000010c653950
R11=0x00006ff858d565de is an unknown value
R12=0x00007fd8d4084600 is an unknown value
R13=0xfffffffb61600b60 is an unknown value
R14=0x000000004fab56fb is an unknown value
R15=0x00007fd8d2906200 is an unknown value


Stack: [0x0000700001965000,0x0000700001a65000],  sp=0x0000700001a60bf0,  free space=1006k
Native frames: (J=compiled Java code, j=interpreted, Vv=VM code, C=native code)
C  [libzip.dylib+0x3519]  ZIP_GetEntry2+0xc0
C  [libzip.dylib+0x2238]  Java_java_util_zip_ZipFile_getEntry+0xcf
J 173  java.util.zip.ZipFile.getEntry(J[BZ)J (0 bytes) @ 0x000000010c653b8e [0x000000010c653ac0+0xce]
J 11152 C2 java.util.jar.JarFile.getJarEntry(Ljava/lang/String;)Ljava/util/jar/JarEntry; (9 bytes) @ 0x000000010e2f3f94 [0x000000010e2f3c00+0x394]
J 4424 C2 sun.misc.URLClassPath$JarLoader.getResource(Ljava/lang/String;Z)Lsun/misc/Resource; (85 bytes) @ 0x000000010c8fd53c [0x000000010c8fd3c0+0x17c]
J 11637 C2 java.net.URLClassLoader$1.run()Ljava/lang/Object; (5 bytes) @ 0x000000010d6a5544 [0x000000010d6a4f60+0x5e4]
v  ~StubRoutines::call_stub
V  [libjvm.dylib+0x2df89a]  JavaCalls::call_helper(JavaValue*, methodHandle*, JavaCallArguments*, Thread*)+0x6ae
V  [libjvm.dylib+0x323310]  JVM_DoPrivileged+0x4b8
J 280  java.security.AccessController.doPrivileged(Ljava/security/PrivilegedExceptionAction;Ljava/security/AccessControlContext;)Ljava/lang/Object; (0 bytes) @ 0x000000010c692995 [0x000000010c6928c0+0xd5]
J 1324 C2 java.net.URLClassLoader.findClass(Ljava/lang/String;)Ljava/lang/Class; (47 bytes) @ 0x000000010c94dffc [0x000000010c94df60+0x9c]
J 1619 C2 java.lang.ClassLoader.loadClass(Ljava/lang/String;Z)Ljava/lang/Class; (122 bytes) @ 0x000000010cb21690 [0x000000010cb21280+0x410]
J 2575 C2 java.lang.ClassLoader.loadClass(Ljava/lang/String;)Ljava/lang/Class; (7 bytes) @ 0x000000010ceb1b60 [0x000000010ceb1b20+0x40]
v  ~StubRoutines::call_stub
V  [libjvm.dylib+0x2df89a]  JavaCalls::call_helper(JavaValue*, methodHandle*, JavaCallArguments*, Thread*)+0x6ae
V  [libjvm.dylib+0x2e0028]  JavaCalls::call_virtual(JavaValue*, KlassHandle, Symbol*, Symbol*, JavaCallArguments*, Thread*)+0x164
V  [libjvm.dylib+0x2e0180]  JavaCalls::call_virtual(JavaValue*, Handle, KlassHandle, Symbol*, Symbol*, Handle, Thread*)+0x56
V  [libjvm.dylib+0x50b98e]  SystemDictionary::load_instance_class(Symbol*, Handle, Thread*)+0x2d8
V  [libjvm.dylib+0x50b165]  SystemDictionary::resolve_instance_class_or_null(Symbol*, Handle, Handle, Thread*)+0x455
V  [libjvm.dylib+0x50bbaa]  SystemDictionary::resolve_or_null(Symbol*, Handle, Handle, Thread*)+0x106
V  [libjvm.dylib+0x50c1e1]  SystemDictionary::resolve_or_fail(Symbol*, Handle, Handle, bool, Thread*)+0x31
V  [libjvm.dylib+0x4a11bc]  get_mirror_from_signature(methodHandle, SignatureStream*, Thread*)+0xbf
V  [libjvm.dylib+0x4a134e]  Reflection::get_parameter_types(methodHandle, int, oopDesc**, Thread*)+0x156
V  [libjvm.dylib+0x4a18f8]  Reflection::new_method(methodHandle, bool, bool, Thread*)+0xe8
V  [libjvm.dylib+0x32151b]  get_class_declared_methods_helper(JNIEnv_*, _jclass*, unsigned char, bool, Klass*, Thread*)+0x431
V  [libjvm.dylib+0x321713]  JVM_GetClassDeclaredMethods+0x5d
J 1183  java.lang.Class.getDeclaredMethods0(Z)[Ljava/lang/reflect/Method; (0 bytes) @ 0x000000010c8f17e8 [0x000000010c8f1740+0xa8]
J 3199 C2 java.lang.Class.privateGetDeclaredMethods(Z)[Ljava/lang/reflect/Method; (67 bytes) @ 0x000000010d1086d4 [0x000000010d1085e0+0xf4]
J 3010 C1 org.gradle.internal.reflect.ClassInspector.inspectClass(Ljava/lang/Class;Lorg/gradle/internal/reflect/MutableClassDetails;)V (273 bytes) @ 0x000000010d04f544 [0x000000010d04f3c0+0x184]
j  org.gradle.internal.reflect.ClassInspector.visitGraph(Ljava/lang/Class;Lorg/gradle/internal/reflect/MutableClassDetails;)V+86
J 5665 C1 org.gradle.api.internal.AbstractClassGenerator.inspectType(Ljava/lang/Class;Lorg/gradle/api/internal/AbstractClassGenerator$ClassMetaData;)V (422 bytes) @ 0x000000010d6ede54 [0x000000010d6edd00+0x154]
j  org.gradle.api.internal.AbstractClassGenerator.inspectType(Ljava/lang/Class;)Lorg/gradle/api/internal/AbstractClassGenerator$ClassMetaData;+47
J 3675 C1 org.gradle.api.internal.AbstractClassGenerator.generateUnderLock(Ljava/lang/Class;)Ljava/lang/Class; (1055 bytes) @ 0x000000010d256e94 [0x000000010d254a40+0x2454]
J 5174 C1 org.gradle.api.internal.ClassGeneratorBackedInstantiator.newInstance(Ljava/lang/Class;[Ljava/lang/Object;)Ljava/lang/Object; (40 bytes) @ 0x000000010d50cb6c [0x000000010d50b940+0x122c]
j  org.gradle.api.internal.plugins.DefaultConvention.create(Ljava/lang/String;Ljava/lang/Class;[Ljava/lang/Object;)Ljava/lang/Object;+6
j  org.gradle.plugins.ide.idea.IdeaPlugin.onApply(Lorg/gradle/api/Project;)V+54
j  org.gradle.plugins.ide.internal.IdePlugin.apply(Lorg/gradle/api/Project;)V+60
j  org.gradle.plugins.ide.internal.IdePlugin.apply(Ljava/lang/Object;)V+5
j  org.gradle.api.internal.plugins.ImperativeOnlyPluginApplicator.applyImperative(Ljava/lang/String;Lorg/gradle/api/Plugin;)V+13
j  org.gradle.api.internal.plugins.RuleBasedPluginApplicator.applyImperative(Ljava/lang/String;Lorg/gradle/api/Plugin;)V+6
j  org.gradle.api.internal.plugins.DefaultPluginManager.doApply(Lorg/gradle/api/internal/plugins/PluginImplementation;)V+157
j  org.gradle.api.internal.plugins.DefaultPluginManager.apply(Ljava/lang/Class;)V+11
j  org.gradle.plugins.ide.internal.tooling.IdeaModelBuilder.applyIdeaPlugin(Lorg/gradle/api/Project;)V+44
j  org.gradle.plugins.ide.internal.tooling.IdeaModelBuilder.buildAll(Ljava/lang/String;Lorg/gradle/api/Project;)Lorg/gradle/plugins/ide/internal/tooling/idea/DefaultIdeaProject;+9
j  org.gradle.plugins.ide.internal.tooling.IdeaModelBuilder.buildAll(Ljava/lang/String;Lorg/gradle/api/Project;)Ljava/lang/Object;+3
j  org.gradle.tooling.internal.provider.runner.DefaultBuildController.getModel(Ljava/lang/Object;Lorg/gradle/tooling/internal/protocol/ModelIdentifier;)Lorg/gradle/tooling/internal/protocol/BuildResult;+243
j  org.gradle.tooling.internal.consumer.connection.BuildControllerAdapter.getModel(Lorg/gradle/tooling/model/Model;Ljava/lang/Class;)Ljava/lang/Object;+34
j  org.gradle.tooling.internal.consumer.connection.BuildControllerAdapter.getModel(Ljava/lang/Class;)Ljava/lang/Object;+3
j  org.jetbrains.plugins.gradle.model.ProjectImportAction.execute(Lorg/gradle/tooling/BuildController;)Lorg/jetbrains/plugins/gradle/model/ProjectImportAction$AllModels;+28
j  org.jetbrains.plugins.gradle.model.ProjectImportAction.execute(Lorg/gradle/tooling/BuildController;)Ljava/lang/Object;+2
j  org.gradle.tooling.internal.consumer.connection.InternalBuildActionAdapter.execute(Lorg/gradle/tooling/internal/protocol/InternalBuildController;)Ljava/lang/Object;+27
j  org.gradle.tooling.internal.provider.runner.ClientProvidedBuildActionRunner.run(Lorg/gradle/internal/invocation/BuildAction;Lorg/gradle/internal/invocation/BuildController;)V+113
j  org.gradle.launcher.exec.ChainingBuildActionRunner.run(Lorg/gradle/internal/invocation/BuildAction;Lorg/gradle/internal/invocation/BuildController;)V+34
j  org.gradle.tooling.internal.provider.runner.SubscribableBuildActionRunner.run(Lorg/gradle/internal/invocation/BuildAction;Lorg/gradle/internal/invocation/BuildController;)V+37
j  org.gradle.launcher.exec.ChainingBuildActionRunner.run(Lorg/gradle/internal/invocation/BuildAction;Lorg/gradle/internal/invocation/BuildController;)V+34
j  org.gradle.launcher.exec.InProcessBuildActionExecuter.execute(Lorg/gradle/internal/invocation/BuildAction;Lorg/gradle/initialization/BuildRequestContext;Lorg/gradle/launcher/exec/BuildActionParameters;Lorg/gradle/internal/service/ServiceRegistry;)Ljava/lang/Object;+77
j  org.gradle.launcher.exec.InProcessBuildActionExecuter.execute(Lorg/gradle/internal/invocation/BuildAction;Lorg/gradle/initialization/BuildRequestContext;Ljava/lang/Object;Lorg/gradle/internal/service/ServiceRegistry;)Ljava/lang/Object;+9
j  org.gradle.launcher.exec.ContinuousBuildActionExecuter.execute(Lorg/gradle/internal/invocation/BuildAction;Lorg/gradle/initialization/BuildRequestContext;Lorg/gradle/launcher/exec/BuildActionParameters;Lorg/gradle/internal/service/ServiceRegistry;)Ljava/lang/Object;+114
j  org.gradle.launcher.exec.ContinuousBuildActionExecuter.execute(Lorg/gradle/internal/invocation/BuildAction;Lorg/gradle/initialization/BuildRequestContext;Ljava/lang/Object;Lorg/gradle/internal/service/ServiceRegistry;)Ljava/lang/Object;+9
j  org.gradle.launcher.daemon.server.exec.ExecuteBuild.doBuild(Lorg/gradle/launcher/daemon/server/api/DaemonCommandExecution;Lorg/gradle/launcher/daemon/protocol/Build;)V+74
j  org.gradle.launcher.daemon.server.exec.BuildCommandOnly.execute(Lorg/gradle/launcher/daemon/server/api/DaemonCommandExecution;)V+49
j  org.gradle.launcher.daemon.server.api.DaemonCommandExecution.proceed()Z+28
j  org.gradle.launcher.daemon.server.exec.WatchForDisconnection.execute(Lorg/gradle/launcher/daemon/server/api/DaemonCommandExecution;)V+19
j  org.gradle.launcher.daemon.server.api.DaemonCommandExecution.proceed()Z+28
j  org.gradle.launcher.daemon.server.exec.ResetDeprecationLogger.execute(Lorg/gradle/launcher/daemon/server/api/DaemonCommandExecution;)V+4
j  org.gradle.launcher.daemon.server.api.DaemonCommandExecution.proceed()Z+28
j  org.gradle.launcher.daemon.server.exec.RequestStopIfSingleUsedDaemon.execute(Lorg/gradle/launcher/daemon/server/api/DaemonCommandExecution;)V+31
j  org.gradle.launcher.daemon.server.api.DaemonCommandExecution.proceed()Z+28
j  org.gradle.launcher.daemon.server.exec.ForwardClientInput$2.call()Ljava/lang/Void;+4
j  org.gradle.launcher.daemon.server.exec.ForwardClientInput$2.call()Ljava/lang/Object;+1
j  org.gradle.util.Swapper.swap(Ljava/lang/Object;Ljava/util/concurrent/Callable;)Ljava/lang/Object;+21
j  org.gradle.launcher.daemon.server.exec.ForwardClientInput.execute(Lorg/gradle/launcher/daemon/server/api/DaemonCommandExecution;)V+63
j  org.gradle.launcher.daemon.server.api.DaemonCommandExecution.proceed()Z+28
j  org.gradle.launcher.daemon.server.health.DaemonHealthTracker.execute(Lorg/gradle/launcher/daemon/server/api/DaemonCommandExecution;)V+35
j  org.gradle.launcher.daemon.server.api.DaemonCommandExecution.proceed()Z+28
j  org.gradle.launcher.daemon.server.exec.LogToClient.doBuild(Lorg/gradle/launcher/daemon/server/api/DaemonCommandExecution;Lorg/gradle/launcher/daemon/protocol/Build;)V+87
j  org.gradle.launcher.daemon.server.exec.BuildCommandOnly.execute(Lorg/gradle/launcher/daemon/server/api/DaemonCommandExecution;)V+49
j  org.gradle.launcher.daemon.server.api.DaemonCommandExecution.proceed()Z+28
j  org.gradle.launcher.daemon.server.exec.EstablishBuildEnvironment.doBuild(Lorg/gradle/launcher/daemon/server/api/DaemonCommandExecution;Lorg/gradle/launcher/daemon/protocol/Build;)V+279
j  org.gradle.launcher.daemon.server.exec.BuildCommandOnly.execute(Lorg/gradle/launcher/daemon/server/api/DaemonCommandExecution;)V+49
j  org.gradle.launcher.daemon.server.api.DaemonCommandExecution.proceed()Z+28
j  org.gradle.launcher.daemon.server.health.HintGCAfterBuild.execute(Lorg/gradle/launcher/daemon/server/api/DaemonCommandExecution;)V+1
j  org.gradle.launcher.daemon.server.api.DaemonCommandExecution.proceed()Z+28
j  org.gradle.launcher.daemon.server.exec.StartBuildOrRespondWithBusy$1.run()V+44
j  org.gradle.launcher.daemon.server.DaemonStateCoordinator$1.run()V+4
j  org.gradle.internal.concurrent.ExecutorPolicy$CatchAndRecordFailures.onExecute(Ljava/lang/Runnable;)V+1
j  org.gradle.internal.concurrent.StoppableExecutorImpl$1.run()V+25
J 16079 C1 java.util.concurrent.ThreadPoolExecutor.runWorker(Ljava/util/concurrent/ThreadPoolExecutor$Worker;)V (225 bytes) @ 0x000000010ee7f854 [0x000000010ee7e820+0x1034]
j  java.util.concurrent.ThreadPoolExecutor$Worker.run()V+5
j  java.lang.Thread.run()V+11
v  ~StubRoutines::call_stub
V  [libjvm.dylib+0x2df89a]  JavaCalls::call_helper(JavaValue*, methodHandle*, JavaCallArguments*, Thread*)+0x6ae
V  [libjvm.dylib+0x2e0028]  JavaCalls::call_virtual(JavaValue*, KlassHandle, Symbol*, Symbol*, JavaCallArguments*, Thread*)+0x164
V  [libjvm.dylib+0x2e01d4]  JavaCalls::call_virtual(JavaValue*, Handle, KlassHandle, Symbol*, Symbol*, Thread*)+0x4a
V  [libjvm.dylib+0x31dbd6]  thread_entry(JavaThread*, Thread*)+0x7c
V  [libjvm.dylib+0x53912d]  JavaThread::thread_main_inner()+0x9b
V  [libjvm.dylib+0x53a7e4]  JavaThread::run()+0x1c0
V  [libjvm.dylib+0x45bf0a]  java_start(Thread*)+0xf6
C  [libsystem_pthread.dylib+0x399d]  _pthread_body+0x83
C  [libsystem_pthread.dylib+0x391a]  _pthread_body+0x0
...<more frames>...

Java frames: (J=compiled Java code, j=interpreted, Vv=VM code)
J 173  java.util.zip.ZipFile.getEntry(J[BZ)J (0 bytes) @ 0x000000010c653b18 [0x000000010c653ac0+0x58]
J 11152 C2 java.util.jar.JarFile.getJarEntry(Ljava/lang/String;)Ljava/util/jar/JarEntry; (9 bytes) @ 0x000000010e2f3f94 [0x000000010e2f3c00+0x394]
J 4424 C2 sun.misc.URLClassPath$JarLoader.getResource(Ljava/lang/String;Z)Lsun/misc/Resource; (85 bytes) @ 0x000000010c8fd53c [0x000000010c8fd3c0+0x17c]
J 11637 C2 java.net.URLClassLoader$1.run()Ljava/lang/Object; (5 bytes) @ 0x000000010d6a5544 [0x000000010d6a4f60+0x5e4]
v  ~StubRoutines::call_stub
J 280  java.security.AccessController.doPrivileged(Ljava/security/PrivilegedExceptionAction;Ljava/security/AccessControlContext;)Ljava/lang/Object; (0 bytes) @ 0x000000010c692923 [0x000000010c6928c0+0x63]
J 1324 C2 java.net.URLClassLoader.findClass(Ljava/lang/String;)Ljava/lang/Class; (47 bytes) @ 0x000000010c94dffc [0x000000010c94df60+0x9c]
J 1619 C2 java.lang.ClassLoader.loadClass(Ljava/lang/String;Z)Ljava/lang/Class; (122 bytes) @ 0x000000010cb21690 [0x000000010cb21280+0x410]
J 2575 C2 java.lang.ClassLoader.loadClass(Ljava/lang/String;)Ljava/lang/Class; (7 bytes) @ 0x000000010ceb1b60 [0x000000010ceb1b20+0x40]
v  ~StubRoutines::call_stub
J 1183  java.lang.Class.getDeclaredMethods0(Z)[Ljava/lang/reflect/Method; (0 bytes) @ 0x000000010c8f1778 [0x000000010c8f1740+0x38]
J 3199 C2 java.lang.Class.privateGetDeclaredMethods(Z)[Ljava/lang/reflect/Method; (67 bytes) @ 0x000000010d1086d4 [0x000000010d1085e0+0xf4]
J 3010 C1 org.gradle.internal.reflect.ClassInspector.inspectClass(Ljava/lang/Class;Lorg/gradle/internal/reflect/MutableClassDetails;)V (273 bytes) @ 0x000000010d04f544 [0x000000010d04f3c0+0x184]
j  org.gradle.internal.reflect.ClassInspector.visitGraph(Ljava/lang/Class;Lorg/gradle/internal/reflect/MutableClassDetails;)V+86
J 5665 C1 org.gradle.api.internal.AbstractClassGenerator.inspectType(Ljava/lang/Class;Lorg/gradle/api/internal/AbstractClassGenerator$ClassMetaData;)V (422 bytes) @ 0x000000010d6ede54 [0x000000010d6edd00+0x154]
j  org.gradle.api.internal.AbstractClassGenerator.inspectType(Ljava/lang/Class;)Lorg/gradle/api/internal/AbstractClassGenerator$ClassMetaData;+47
J 3675 C1 org.gradle.api.internal.AbstractClassGenerator.generateUnderLock(Ljava/lang/Class;)Ljava/lang/Class; (1055 bytes) @ 0x000000010d256e94 [0x000000010d254a40+0x2454]
J 5174 C1 org.gradle.api.internal.ClassGeneratorBackedInstantiator.newInstance(Ljava/lang/Class;[Ljava/lang/Object;)Ljava/lang/Object; (40 bytes) @ 0x000000010d50cb6c [0x000000010d50b940+0x122c]
j  org.gradle.api.internal.plugins.DefaultConvention.create(Ljava/lang/String;Ljava/lang/Class;[Ljava/lang/Object;)Ljava/lang/Object;+6
j  org.gradle.plugins.ide.idea.IdeaPlugin.onApply(Lorg/gradle/api/Project;)V+54
j  org.gradle.plugins.ide.internal.IdePlugin.apply(Lorg/gradle/api/Project;)V+60
j  org.gradle.plugins.ide.internal.IdePlugin.apply(Ljava/lang/Object;)V+5
j  org.gradle.api.internal.plugins.ImperativeOnlyPluginApplicator.applyImperative(Ljava/lang/String;Lorg/gradle/api/Plugin;)V+13
j  org.gradle.api.internal.plugins.RuleBasedPluginApplicator.applyImperative(Ljava/lang/String;Lorg/gradle/api/Plugin;)V+6
j  org.gradle.api.internal.plugins.DefaultPluginManager.doApply(Lorg/gradle/api/internal/plugins/PluginImplementation;)V+157
j  org.gradle.api.internal.plugins.DefaultPluginManager.apply(Ljava/lang/Class;)V+11
j  org.gradle.plugins.ide.internal.tooling.IdeaModelBuilder.applyIdeaPlugin(Lorg/gradle/api/Project;)V+44
j  org.gradle.plugins.ide.internal.tooling.IdeaModelBuilder.buildAll(Ljava/lang/String;Lorg/gradle/api/Project;)Lorg/gradle/plugins/ide/internal/tooling/idea/DefaultIdeaProject;+9
j  org.gradle.plugins.ide.internal.tooling.IdeaModelBuilder.buildAll(Ljava/lang/String;Lorg/gradle/api/Project;)Ljava/lang/Object;+3
j  org.gradle.tooling.internal.provider.runner.DefaultBuildController.getModel(Ljava/lang/Object;Lorg/gradle/tooling/internal/protocol/ModelIdentifier;)Lorg/gradle/tooling/internal/protocol/BuildResult;+243
j  org.gradle.tooling.internal.consumer.connection.BuildControllerAdapter.getModel(Lorg/gradle/tooling/model/Model;Ljava/lang/Class;)Ljava/lang/Object;+34
j  org.gradle.tooling.internal.consumer.connection.BuildControllerAdapter.getModel(Ljava/lang/Class;)Ljava/lang/Object;+3
j  org.jetbrains.plugins.gradle.model.ProjectImportAction.execute(Lorg/gradle/tooling/BuildController;)Lorg/jetbrains/plugins/gradle/model/ProjectImportAction$AllModels;+28
j  org.jetbrains.plugins.gradle.model.ProjectImportAction.execute(Lorg/gradle/tooling/BuildController;)Ljava/lang/Object;+2
j  org.gradle.tooling.internal.consumer.connection.InternalBuildActionAdapter.execute(Lorg/gradle/tooling/internal/protocol/InternalBuildController;)Ljava/lang/Object;+27
j  org.gradle.tooling.internal.provider.runner.ClientProvidedBuildActionRunner.run(Lorg/gradle/internal/invocation/BuildAction;Lorg/gradle/internal/invocation/BuildController;)V+113
j  org.gradle.launcher.exec.ChainingBuildActionRunner.run(Lorg/gradle/internal/invocation/BuildAction;Lorg/gradle/internal/invocation/BuildController;)V+34
j  org.gradle.tooling.internal.provider.runner.SubscribableBuildActionRunner.run(Lorg/gradle/internal/invocation/BuildAction;Lorg/gradle/internal/invocation/BuildController;)V+37
j  org.gradle.launcher.exec.ChainingBuildActionRunner.run(Lorg/gradle/internal/invocation/BuildAction;Lorg/gradle/internal/invocation/BuildController;)V+34
j  org.gradle.launcher.exec.InProcessBuildActionExecuter.execute(Lorg/gradle/internal/invocation/BuildAction;Lorg/gradle/initialization/BuildRequestContext;Lorg/gradle/launcher/exec/BuildActionParameters;Lorg/gradle/internal/service/ServiceRegistry;)Ljava/lang/Object;+77
j  org.gradle.launcher.exec.InProcessBuildActionExecuter.execute(Lorg/gradle/internal/invocation/BuildAction;Lorg/gradle/initialization/BuildRequestContext;Ljava/lang/Object;Lorg/gradle/internal/service/ServiceRegistry;)Ljava/lang/Object;+9
j  org.gradle.launcher.exec.ContinuousBuildActionExecuter.execute(Lorg/gradle/internal/invocation/BuildAction;Lorg/gradle/initialization/BuildRequestContext;Lorg/gradle/launcher/exec/BuildActionParameters;Lorg/gradle/internal/service/ServiceRegistry;)Ljava/lang/Object;+114
j  org.gradle.launcher.exec.ContinuousBuildActionExecuter.execute(Lorg/gradle/internal/invocation/BuildAction;Lorg/gradle/initialization/BuildRequestContext;Ljava/lang/Object;Lorg/gradle/internal/service/ServiceRegistry;)Ljava/lang/Object;+9
j  org.gradle.launcher.daemon.server.exec.ExecuteBuild.doBuild(Lorg/gradle/launcher/daemon/server/api/DaemonCommandExecution;Lorg/gradle/launcher/daemon/protocol/Build;)V+74
j  org.gradle.launcher.daemon.server.exec.BuildCommandOnly.execute(Lorg/gradle/launcher/daemon/server/api/DaemonCommandExecution;)V+49
j  org.gradle.launcher.daemon.server.api.DaemonCommandExecution.proceed()Z+28
j  org.gradle.launcher.daemon.server.exec.WatchForDisconnection.execute(Lorg/gradle/launcher/daemon/server/api/DaemonCommandExecution;)V+19
j  org.gradle.launcher.daemon.server.api.DaemonCommandExecution.proceed()Z+28
j  org.gradle.launcher.daemon.server.exec.ResetDeprecationLogger.execute(Lorg/gradle/launcher/daemon/server/api/DaemonCommandExecution;)V+4
j  org.gradle.launcher.daemon.server.api.DaemonCommandExecution.proceed()Z+28
j  org.gradle.launcher.daemon.server.exec.RequestStopIfSingleUsedDaemon.execute(Lorg/gradle/launcher/daemon/server/api/DaemonCommandExecution;)V+31
j  org.gradle.launcher.daemon.server.api.DaemonCommandExecution.proceed()Z+28
j  org.gradle.launcher.daemon.server.exec.ForwardClientInput$2.call()Ljava/lang/Void;+4
j  org.gradle.launcher.daemon.server.exec.ForwardClientInput$2.call()Ljava/lang/Object;+1
j  org.gradle.util.Swapper.swap(Ljava/lang/Object;Ljava/util/concurrent/Callable;)Ljava/lang/Object;+21
j  org.gradle.launcher.daemon.server.exec.ForwardClientInput.execute(Lorg/gradle/launcher/daemon/server/api/DaemonCommandExecution;)V+63
j  org.gradle.launcher.daemon.server.api.DaemonCommandExecution.proceed()Z+28
j  org.gradle.launcher.daemon.server.health.DaemonHealthTracker.execute(Lorg/gradle/launcher/daemon/server/api/DaemonCommandExecution;)V+35
j  org.gradle.launcher.daemon.server.api.DaemonCommandExecution.proceed()Z+28
j  org.gradle.launcher.daemon.server.exec.LogToClient.doBuild(Lorg/gradle/launcher/daemon/server/api/DaemonCommandExecution;Lorg/gradle/launcher/daemon/protocol/Build;)V+87
j  org.gradle.launcher.daemon.server.exec.BuildCommandOnly.execute(Lorg/gradle/launcher/daemon/server/api/DaemonCommandExecution;)V+49
j  org.gradle.launcher.daemon.server.api.DaemonCommandExecution.proceed()Z+28
j  org.gradle.launcher.daemon.server.exec.EstablishBuildEnvironment.doBuild(Lorg/gradle/launcher/daemon/server/api/DaemonCommandExecution;Lorg/gradle/launcher/daemon/protocol/Build;)V+279
j  org.gradle.launcher.daemon.server.exec.BuildCommandOnly.execute(Lorg/gradle/launcher/daemon/server/api/DaemonCommandExecution;)V+49
j  org.gradle.launcher.daemon.server.api.DaemonCommandExecution.proceed()Z+28
j  org.gradle.launcher.daemon.server.health.HintGCAfterBuild.execute(Lorg/gradle/launcher/daemon/server/api/DaemonCommandExecution;)V+1
j  org.gradle.launcher.daemon.server.api.DaemonCommandExecution.proceed()Z+28
j  org.gradle.launcher.daemon.server.exec.StartBuildOrRespondWithBusy$1.run()V+44
j  org.gradle.launcher.daemon.server.DaemonStateCoordinator$1.run()V+4
j  org.gradle.internal.concurrent.ExecutorPolicy$CatchAndRecordFailures.onExecute(Ljava/lang/Runnable;)V+1
j  org.gradle.internal.concurrent.StoppableExecutorImpl$1.run()V+25
J 16079 C1 java.util.concurrent.ThreadPoolExecutor.runWorker(Ljava/util/concurrent/ThreadPoolExecutor$Worker;)V (225 bytes) @ 0x000000010ee7f854 [0x000000010ee7e820+0x1034]
j  java.util.concurrent.ThreadPoolExecutor$Worker.run()V+5
j  java.lang.Thread.run()V+11
v  ~StubRoutines::call_stub

---------------  P R O C E S S  ---------------

Java Threads: ( => current thread )
  0x00007fd8d4859000 JavaThread "Stdin handler" [_thread_blocked, id=24591, stack(0x0000700001b6b000,0x0000700001c6b000)]
  0x00007fd8d491c800 JavaThread "Asynchronous log dispatcher for org.gradle.launcher.daemon.server.DefaultDaemonConnection@ec7ea09" [_thread_blocked, id=79883, stack(0x0000700001a68000,0x0000700001b68000)]
=>0x00007fd8d4a1e800 JavaThread "Daemon worker Thread 3" [_thread_in_native, id=25099, stack(0x0000700001965000,0x0000700001a65000)]
  0x00007fd8d44e6000 JavaThread "Cancel handler" [_thread_blocked, id=81195, stack(0x0000700001862000,0x0000700001962000)]
  0x00007fd8d8182800 JavaThread "Handler for socket connection from /127.0.0.1:54388 to /127.0.0.1:57854" [_thread_in_native, id=24079, stack(0x000070000175f000,0x000070000185f000)]
  0x00007fd8d80fc800 JavaThread "Daemon Thread 3" [_thread_blocked, id=23563, stack(0x0000700000d3e000,0x0000700000e3e000)]
  0x00007fd8d483a000 JavaThread "pool-14-thread-3" [_thread_blocked, id=80927, stack(0x000070000751c000,0x000070000761c000)]
  0x00007fd8d4839800 JavaThread "pool-14-thread-4" [_thread_blocked, id=80407, stack(0x0000700007419000,0x0000700007519000)]
  0x00007fd8d79de000 JavaThread "pool-14-thread-1" [_thread_blocked, id=79379, stack(0x00007000072eb000,0x00007000073eb000)]
  0x00007fd8d4838800 JavaThread "pool-14-thread-2" [_thread_blocked, id=78879, stack(0x00007000071e8000,0x00007000072e8000)]
  0x00007fd8d8eec800 JavaThread "stdout" daemon [_thread_in_native, id=78339, stack(0x00007000070e5000,0x00007000071e5000)]
  0x00007fd8d8eeb800 JavaThread "stderr" daemon [_thread_in_native, id=77827, stack(0x0000700006fe2000,0x00007000070e2000)]
  0x00007fd8d8eeb000 JavaThread "stdout" daemon [_thread_in_native, id=77315, stack(0x0000700006edf000,0x0000700006fdf000)]
  0x00007fd8d8730800 JavaThread "stderr" daemon [_thread_in_native, id=76803, stack(0x0000700006ddc000,0x0000700006edc000)]
  0x00007fd8d21f2000 JavaThread "stdout" daemon [_thread_in_native, id=76291, stack(0x0000700006cd9000,0x0000700006dd9000)]
  0x00007fd8d42d5800 JavaThread "stderr" daemon [_thread_in_native, id=75779, stack(0x0000700006bd6000,0x0000700006cd6000)]
  0x00007fd8d1b73000 JavaThread "stdout" daemon [_thread_in_native, id=75267, stack(0x0000700006ad3000,0x0000700006bd3000)]
  0x00007fd8d1b72800 JavaThread "stderr" daemon [_thread_in_native, id=74755, stack(0x00007000069d0000,0x0000700006ad0000)]
  0x00007fd8d1b71800 JavaThread "process reaper" daemon [_thread_in_native, id=74243, stack(0x00007000069a5000,0x00007000069cd000)]
  0x00007fd8d34aa800 JavaThread "stdout" daemon [_thread_in_native, id=73731, stack(0x00007000068a2000,0x00007000069a2000)]
  0x00007fd8d34a9800 JavaThread "stderr" daemon [_thread_in_native, id=73219, stack(0x000070000679f000,0x000070000689f000)]
  0x00007fd8d42d5000 JavaThread "process reaper" daemon [_thread_in_native, id=72707, stack(0x0000700006774000,0x000070000679c000)]
  0x00007fd8d21f1000 JavaThread "process reaper" daemon [_thread_in_native, id=72195, stack(0x0000700006749000,0x0000700006771000)]
  0x00007fd8d21f0800 JavaThread "stdout" daemon [_thread_in_native, id=71683, stack(0x0000700006646000,0x0000700006746000)]
  0x00007fd8d21ef800 JavaThread "stderr" daemon [_thread_in_native, id=71171, stack(0x0000700006543000,0x0000700006643000)]
  0x00007fd8d42d4000 JavaThread "stdout" daemon [_thread_in_native, id=70659, stack(0x0000700006440000,0x0000700006540000)]
  0x00007fd8d1b71000 JavaThread "stderr" daemon [_thread_in_native, id=70147, stack(0x000070000633d000,0x000070000643d000)]
  0x00007fd8d1b70000 JavaThread "process reaper" daemon [_thread_in_native, id=69635, stack(0x0000700006312000,0x000070000633a000)]
  0x00007fd8d872f800 JavaThread "process reaper" daemon [_thread_in_native, id=69123, stack(0x00007000062e7000,0x000070000630f000)]
  0x00007fd8d1b6f800 JavaThread "process reaper" daemon [_thread_in_native, id=68611, stack(0x00007000062bc000,0x00007000062e4000)]
  0x00007fd8d21ef000 JavaThread "stdout" daemon [_thread_in_native, id=68099, stack(0x00007000061b9000,0x00007000062b9000)]
  0x00007fd8d21ee000 JavaThread "stderr" daemon [_thread_in_native, id=67587, stack(0x00007000060b6000,0x00007000061b6000)]
  0x00007fd8d21ed800 JavaThread "process reaper" daemon [_thread_in_native, id=67075, stack(0x000070000608b000,0x00007000060b3000)]
  0x00007fd8d23a7800 JavaThread "process reaper" daemon [_thread_in_native, id=66563, stack(0x0000700006060000,0x0000700006088000)]
  0x00007fd8d872f000 JavaThread "png-cruncher_24" daemon [_thread_blocked, id=66051, stack(0x0000700005f5d000,0x000070000605d000)]
  0x00007fd8d3aad000 JavaThread "png-cruncher_23" daemon [_thread_blocked, id=65539, stack(0x0000700005e5a000,0x0000700005f5a000)]
  0x00007fd8d872e000 JavaThread "png-cruncher_22" daemon [_thread_blocked, id=65027, stack(0x0000700005d57000,0x0000700005e57000)]
  0x00007fd8d3aac000 JavaThread "png-cruncher_21" daemon [_thread_blocked, id=64515, stack(0x0000700005c54000,0x0000700005d54000)]
  0x00007fd8d42d3800 JavaThread "png-cruncher_20" daemon [_thread_blocked, id=64003, stack(0x0000700005b51000,0x0000700005c51000)]
  0x00007fd8d1b6e800 JavaThread "png-cruncher_19" daemon [_thread_blocked, id=63491, stack(0x0000700005a4e000,0x0000700005b4e000)]
  0x00007fd8d8eea000 JavaThread "png-cruncher_18" daemon [_thread_blocked, id=62979, stack(0x000070000594b000,0x0000700005a4b000)]
  0x00007fd8d34a9000 JavaThread "png-cruncher_17" daemon [_thread_blocked, id=62467, stack(0x0000700005848000,0x0000700005948000)]
  0x00007fd8d3cd1800 JavaThread "stdout" daemon [_thread_in_native, id=61955, stack(0x0000700005745000,0x0000700005845000)]
  0x00007fd8d3cd1000 JavaThread "stderr" daemon [_thread_in_native, id=61443, stack(0x0000700005642000,0x0000700005742000)]
  0x00007fd8d482a000 JavaThread "stdout" daemon [_thread_in_native, id=60931, stack(0x000070000553f000,0x000070000563f000)]
  0x00007fd8d3102800 JavaThread "stdout" daemon [_thread_in_native, id=60419, stack(0x000070000543c000,0x000070000553c000)]
  0x00007fd8d7baa800 JavaThread "stderr" daemon [_thread_in_native, id=59907, stack(0x0000700005339000,0x0000700005439000)]
  0x00007fd8d872d800 JavaThread "stderr" daemon [_thread_in_native, id=59395, stack(0x0000700005236000,0x0000700005336000)]
  0x00007fd8d42d2800 JavaThread "stdout" daemon [_thread_in_native, id=58883, stack(0x0000700005133000,0x0000700005233000)]
  0x00007fd8d7ba9800 JavaThread "stdout" daemon [_thread_in_native, id=58371, stack(0x0000700005030000,0x0000700005130000)]
  0x00007fd8d3cd0000 JavaThread "stderr" daemon [_thread_in_native, id=57859, stack(0x0000700004f2d000,0x000070000502d000)]
  0x00007fd8d23a7000 JavaThread "stdout" daemon [_thread_in_native, id=57347, stack(0x0000700004e2a000,0x0000700004f2a000)]
  0x00007fd8d23a6000 JavaThread "stderr" daemon [_thread_in_native, id=56835, stack(0x0000700004d27000,0x0000700004e27000)]
  0x00007fd8d7ba9000 JavaThread "stdout" daemon [_thread_in_native, id=56323, stack(0x0000700004c24000,0x0000700004d24000)]
  0x00007fd8d7ba8000 JavaThread "stderr" daemon [_thread_in_native, id=55811, stack(0x0000700004b21000,0x0000700004c21000)]
  0x00007fd8d108e800 JavaThread "stderr" daemon [_thread_in_native, id=55299, stack(0x0000700004a1e000,0x0000700004b1e000)]
  0x00007fd8d3102000 JavaThread "stdout" daemon [_thread_in_native, id=54787, stack(0x000070000491b000,0x0000700004a1b000)]
  0x00007fd8d30c9000 JavaThread "stderr" daemon [_thread_in_native, id=54275, stack(0x0000700004818000,0x0000700004918000)]
  0x00007fd8d88a3800 JavaThread "process reaper" daemon [_thread_in_native, id=53763, stack(0x00007000047ed000,0x0000700004815000)]
  0x00007fd8d872c800 JavaThread "stdout" daemon [_thread_in_native, id=53251, stack(0x00007000046ea000,0x00007000047ea000)]
  0x00007fd8d872c000 JavaThread "stderr" daemon [_thread_in_native, id=52739, stack(0x00007000045e7000,0x00007000046e7000)]
  0x00007fd8d4977000 JavaThread "process reaper" daemon [_thread_in_native, id=52227, stack(0x00007000045bc000,0x00007000045e4000)]
  0x00007fd8d30c8000 JavaThread "stdout" daemon [_thread_in_native, id=51715, stack(0x00007000044b9000,0x00007000045b9000)]
  0x00007fd8d3ccf800 JavaThread "process reaper" daemon [_thread_in_native, id=51203, stack(0x000070000448e000,0x00007000044b6000)]
  0x00007fd8d4976800 JavaThread "process reaper" daemon [_thread_in_native, id=50691, stack(0x0000700004463000,0x000070000448b000)]
  0x00007fd8d88b3000 JavaThread "process reaper" daemon [_thread_in_native, id=50179, stack(0x0000700004438000,0x0000700004460000)]
  0x00007fd8d863a000 JavaThread "stderr" daemon [_thread_in_native, id=49667, stack(0x0000700004335000,0x0000700004435000)]
  0x00007fd8d7ba7800 JavaThread "stdout" daemon [_thread_in_native, id=49155, stack(0x0000700004232000,0x0000700004332000)]
  0x00007fd8d8bb4000 JavaThread "stderr" daemon [_thread_in_native, id=48643, stack(0x000070000412f000,0x000070000422f000)]
  0x00007fd8d8639000 JavaThread "process reaper" daemon [_thread_in_native, id=48131, stack(0x0000700004104000,0x000070000412c000)]
  0x00007fd8d0e44000 JavaThread "process reaper" daemon [_thread_in_native, id=47619, stack(0x00007000040d9000,0x0000700004101000)]
  0x00007fd8d42d2000 JavaThread "process reaper" daemon [_thread_in_native, id=47107, stack(0x00007000040ae000,0x00007000040d6000)]
  0x00007fd8d0e43800 JavaThread "process reaper" daemon [_thread_in_native, id=46595, stack(0x0000700004083000,0x00007000040ab000)]
  0x00007fd8d0ff7000 JavaThread "process reaper" daemon [_thread_in_native, id=46083, stack(0x0000700004058000,0x0000700004080000)]
  0x00007fd8d23a5800 JavaThread "stdout" daemon [_thread_in_native, id=45571, stack(0x0000700003f55000,0x0000700004055000)]
  0x00007fd8d7ba6800 JavaThread "stderr" daemon [_thread_in_native, id=45059, stack(0x0000700003e52000,0x0000700003f52000)]
  0x00007fd8d42d1000 JavaThread "process reaper" daemon [_thread_in_native, id=44547, stack(0x0000700003e27000,0x0000700003e4f000)]
  0x00007fd8d40fb000 JavaThread "stdout" daemon [_thread_in_native, id=44035, stack(0x0000700003d24000,0x0000700003e24000)]
  0x00007fd8d40fa800 JavaThread "stderr" daemon [_thread_in_native, id=43523, stack(0x0000700003c21000,0x0000700003d21000)]
  0x00007fd8d307a000 JavaThread "process reaper" daemon [_thread_in_native, id=43011, stack(0x0000700003bf6000,0x0000700003c1e000)]
  0x00007fd8d7b73800 JavaThread "stdout" daemon [_thread_in_native, id=42499, stack(0x0000700003af3000,0x0000700003bf3000)]
  0x00007fd8d20e7000 JavaThread "stderr" daemon [_thread_in_native, id=41987, stack(0x00007000039f0000,0x0000700003af0000)]
  0x00007fd8d20e6800 JavaThread "process reaper" daemon [_thread_in_native, id=41475, stack(0x00007000000ed000,0x0000700000115000)]
  0x00007fd8d3079000 JavaThread "stdout" daemon [_thread_in_native, id=40963, stack(0x00007000038ed000,0x00007000039ed000)]
  0x00007fd8d6cf0000 JavaThread "stderr" daemon [_thread_in_native, id=40451, stack(0x00007000037ea000,0x00007000038ea000)]
  0x00007fd8d40f9800 JavaThread "process reaper" daemon [_thread_in_native, id=39939, stack(0x00007000000c2000,0x00007000000ea000)]
  0x00007fd8d40f9000 JavaThread "process reaper" daemon [_thread_in_native, id=39427, stack(0x0000700000097000,0x00007000000bf000)]
  0x00007fd8d40f8000 JavaThread "png-cruncher_16" daemon [_thread_blocked, id=38915, stack(0x00007000036e7000,0x00007000037e7000)]
  0x00007fd8d4975800 JavaThread "png-cruncher_15" daemon [_thread_blocked, id=38403, stack(0x00007000035e4000,0x00007000036e4000)]
  0x00007fd8d20e5800 JavaThread "png-cruncher_14" daemon [_thread_blocked, id=37891, stack(0x00007000034e1000,0x00007000035e1000)]
  0x00007fd8d20e5000 JavaThread "png-cruncher_13" daemon [_thread_blocked, id=37379, stack(0x00007000033de000,0x00007000034de000)]
  0x00007fd8d4975000 JavaThread "png-cruncher_12" daemon [_thread_blocked, id=36867, stack(0x00007000032db000,0x00007000033db000)]
  0x00007fd8d4926000 JavaThread "png-cruncher_11" daemon [_thread_blocked, id=36355, stack(0x00007000031d8000,0x00007000032d8000)]
  0x00007fd8d2054000 JavaThread "png-cruncher_10" daemon [_thread_blocked, id=35843, stack(0x00007000030d5000,0x00007000031d5000)]
  0x00007fd8d4800000 JavaThread "png-cruncher_9" daemon [_thread_blocked, id=35331, stack(0x0000700002fd2000,0x00007000030d2000)]
  0x00007fd8d335b800 JavaThread "stdout" daemon [_thread_in_native, id=34819, stack(0x0000700002ecf000,0x0000700002fcf000)]
  0x00007fd8d3065000 JavaThread "stderr" daemon [_thread_in_native, id=34307, stack(0x0000700002dcc000,0x0000700002ecc000)]
  0x00007fd8d3cce000 JavaThread "png-cruncher_8" daemon [_thread_blocked, id=33795, stack(0x0000700002cc9000,0x0000700002dc9000)]
  0x00007fd8d40f7800 JavaThread "png-cruncher_7" daemon [_thread_blocked, id=33283, stack(0x0000700002bc6000,0x0000700002cc6000)]
  0x00007fd8d4051800 JavaThread "png-cruncher_6" daemon [_thread_blocked, id=32771, stack(0x0000700002ac3000,0x0000700002bc3000)]
  0x00007fd8d4050800 JavaThread "png-cruncher_5" daemon [_thread_blocked, id=32259, stack(0x00007000029c0000,0x0000700002ac0000)]
  0x00007fd8d4a54000 JavaThread "png-cruncher_4" daemon [_thread_blocked, id=31747, stack(0x00007000028bd000,0x00007000029bd000)]
  0x00007fd8d3d42800 JavaThread "png-cruncher_3" daemon [_thread_blocked, id=31235, stack(0x00007000027ba000,0x00007000028ba000)]
  0x00007fd8d20a6800 JavaThread "png-cruncher_2" daemon [_thread_blocked, id=30723, stack(0x00007000026b7000,0x00007000027b7000)]
  0x00007fd8d20a6000 JavaThread "png-cruncher_1" daemon [_thread_blocked, id=30211, stack(0x00007000025b4000,0x00007000026b4000)]
  0x00007fd8d8812800 JavaThread "File lock request listener" [_thread_in_native, id=27139, stack(0x0000700001d9c000,0x0000700001e9c000)]
  0x00007fd8d0d3f800 JavaThread "process reaper" daemon [_thread_in_native, id=26627, stack(0x0000700001d71000,0x0000700001d99000)]
  0x00007fd8d32be800 JavaThread "pool-1-thread-1" [_thread_blocked, id=23043, stack(0x000070000165c000,0x000070000175c000)]
  0x00007fd8d1319800 JavaThread "Incoming local TCP Connector on port 54388" [_thread_in_native, id=22531, stack(0x0000700001559000,0x0000700001659000)]
  0x00007fd8d1800000 JavaThread "Service Thread" daemon [_thread_blocked, id=21507, stack(0x0000700001353000,0x0000700001453000)]
  0x00007fd8d303a000 JavaThread "C1 CompilerThread3" daemon [_thread_blocked, id=20995, stack(0x0000700001250000,0x0000700001350000)]
  0x00007fd8d3039000 JavaThread "C2 CompilerThread2" daemon [_thread_blocked, id=20483, stack(0x000070000114d000,0x000070000124d000)]
  0x00007fd8d303e800 JavaThread "C2 CompilerThread1" daemon [_thread_blocked, id=19971, stack(0x000070000104a000,0x000070000114a000)]
  0x00007fd8d303d000 JavaThread "C2 CompilerThread0" daemon [_thread_in_native, id=19459, stack(0x0000700000f47000,0x0000700001047000)]
  0x00007fd8d303c000 JavaThread "Signal Dispatcher" daemon [_thread_blocked, id=18707, stack(0x0000700000e44000,0x0000700000f44000)]
  0x00007fd8d305b000 JavaThread "Finalizer" daemon [_thread_blocked, id=14339, stack(0x0000700000c3b000,0x0000700000d3b000)]
  0x00007fd8d3058800 JavaThread "Reference Handler" daemon [_thread_blocked, id=13827, stack(0x0000700000b38000,0x0000700000c38000)]
  0x00007fd8d3002800 JavaThread "main" [_thread_blocked, id=5891, stack(0x000070000011a000,0x000070000021a000)]

Other Threads:
  0x00007fd8d3054000 VMThread [stack: 0x0000700000a35000,0x0000700000b35000] [id=13315]
  0x00007fd8d182a800 WatcherThread [stack: 0x0000700001456000,0x0000700001556000] [id=22019]

VM state:not at safepoint (normal execution)

VM Mutex/Monitor currently owned by a thread: None

Heap:
 PSYoungGen      total 356864K, used 144495K [0x00000007a0000000, 0x00000007bfc80000, 0x00000007c0000000)
  eden space 353792K, 40% used [0x00000007a0000000,0x00000007a8d1bcc8,0x00000007b5980000)
  from space 3072K, 0% used [0x00000007b5980000,0x00000007b5980000,0x00000007b5c80000)
  to   space 83456K, 0% used [0x00000007bab00000,0x00000007bab00000,0x00000007bfc80000)
 ParOldGen       total 215552K, used 43788K [0x0000000760000000, 0x000000076d280000, 0x00000007a0000000)
  object space 215552K, 20% used [0x0000000760000000,0x0000000762ac3020,0x000000076d280000)
 Metaspace       used 72022K, capacity 74498K, committed 74752K, reserved 1114112K
  class space    used 8997K, capacity 9461K, committed 9472K, reserved 1048576K

Card table byte_map: [0x000000011b8b6000,0x000000011bbb7000] byte_map_base: 0x0000000117db6000

Marking Bits: (ParMarkBitMap*) 0x000000010c28bed0
 Begin Bits: [0x000000011bdb7000, 0x000000011d5b7000)
 End Bits:   [0x000000011d5b7000, 0x000000011edb7000)

Polling page: 0x000000010a9e9000

CodeCache: size=245760Kb used=47044Kb max_used=47356Kb free=198715Kb
 bounds [0x000000010c4f6000, 0x000000010f386000, 0x000000011b4f6000]
 total_blobs=14492 nmethods=13712 adapters=692
 compilation: enabled

Compilation events (10 events):
Event: 1233.857 Thread 0x00007fd8d303a000 17963   !   3       com.sun.beans.TypeResolver::resolve (274 bytes)
Event: 1233.859 Thread 0x00007fd8d303a000 nmethod 17963 0x000000010f02f390 code [0x000000010f02f7e0, 0x000000010f0323b8]
Event: 1233.860 Thread 0x00007fd8d3039000 nmethod 17964 0x000000010dacdd90 code [0x000000010dace180, 0x000000010dace440]
Event: 1233.863 Thread 0x00007fd8d303a000 17965       3       com.sun.beans.TypeResolver::resolve (37 bytes)
Event: 1233.863 Thread 0x00007fd8d303a000 nmethod 17965 0x000000010dc6edd0 code [0x000000010dc6ef60, 0x000000010dc6f388]
Event: 1233.864 Thread 0x00007fd8d303e800 nmethod 17961 0x000000010dace910 code [0x000000010daceaa0, 0x000000010dacf058]
Event: 1233.899 Thread 0x00007fd8d303a000 17966   !   3       com.sun.beans.finder.ClassFinder::findClass (43 bytes)
Event: 1233.900 Thread 0x00007fd8d303a000 nmethod 17966 0x000000010f02ce90 code [0x000000010f02d180, 0x000000010f02e708]
Event: 1233.900 Thread 0x00007fd8d303a000 17967       3       org.codehaus.groovy.reflection.ClassInfo::replaceWeakMetaClassRef (19 bytes)
Event: 1233.900 Thread 0x00007fd8d303a000 nmethod 17967 0x000000010dcb0710 code [0x000000010dcb08a0, 0x000000010dcb0cd8]

GC Heap History (10 events):
Event: 402.009 GC heap before
{Heap before GC invocations=31 (full 5):
 PSYoungGen      total 431616K, used 369903K [0x00000007a0000000, 0x00000007bf800000, 0x00000007c0000000)
  eden space 343040K, 100% used [0x00000007a0000000,0x00000007b4f00000,0x00000007b4f00000)
  from space 88576K, 30% used [0x00000007b4f00000,0x00000007b693bdf8,0x00000007ba580000)
  to   space 82944K, 0% used [0x00000007ba700000,0x00000007ba700000,0x00000007bf800000)
 ParOldGen       total 215552K, used 71073K [0x0000000760000000, 0x000000076d280000, 0x00000007a0000000)
  object space 215552K, 32% used [0x0000000760000000,0x00000007645685e8,0x000000076d280000)
 Metaspace       used 67703K, capacity 69840K, committed 69888K, reserved 1110016K
  class space    used 8494K, capacity 8958K, committed 8960K, reserved 1048576K
Event: 402.132 GC heap after
Heap after GC invocations=31 (full 5):
 PSYoungGen      total 431616K, used 47607K [0x00000007a0000000, 0x00000007bfd80000, 0x00000007c0000000)
  eden space 348672K, 0% used [0x00000007a0000000,0x00000007a0000000,0x00000007b5480000)
  from space 82944K, 57% used [0x00000007ba700000,0x00000007bd57dc98,0x00000007bf800000)
  to   space 84480K, 0% used [0x00000007b5480000,0x00000007b5480000,0x00000007ba700000)
 ParOldGen       total 215552K, used 88612K [0x0000000760000000, 0x000000076d280000, 0x00000007a0000000)
  object space 215552K, 41% used [0x0000000760000000,0x00000007656892c8,0x000000076d280000)
 Metaspace       used 67703K, capacity 69840K, committed 69888K, reserved 1110016K
  class space    used 8494K, capacity 8958K, committed 8960K, reserved 1048576K
}
Event: 402.579 GC heap before
{Heap before GC invocations=32 (full 5):
 PSYoungGen      total 431616K, used 396279K [0x00000007a0000000, 0x00000007bfd80000, 0x00000007c0000000)
  eden space 348672K, 100% used [0x00000007a0000000,0x00000007b5480000,0x00000007b5480000)
  from space 82944K, 57% used [0x00000007ba700000,0x00000007bd57dc98,0x00000007bf800000)
  to   space 84480K, 0% used [0x00000007b5480000,0x00000007b5480000,0x00000007ba700000)
 ParOldGen       total 215552K, used 88612K [0x0000000760000000, 0x000000076d280000, 0x00000007a0000000)
  object space 215552K, 41% used [0x0000000760000000,0x00000007656892c8,0x000000076d280000)
 Metaspace       used 67729K, capacity 69840K, committed 69888K, reserved 1110016K
  class space    used 8494K, capacity 8958K, committed 8960K, reserved 1048576K
Event: 402.653 GC heap after
Heap after GC invocations=32 (full 5):
 PSYoungGen      total 433152K, used 48559K [0x00000007a0000000, 0x00000007c0000000, 0x00000007c0000000)
  eden space 348672K, 0% used [0x00000007a0000000,0x00000007a0000000,0x00000007b5480000)
  from space 84480K, 57% used [0x00000007b5480000,0x00000007b83ebd18,0x00000007ba700000)
  to   space 86016K, 0% used [0x00000007bac00000,0x00000007bac00000,0x00000007c0000000)
 ParOldGen       total 215552K, used 99369K [0x0000000760000000, 0x000000076d280000, 0x00000007a0000000)
  object space 215552K, 46% used [0x0000000760000000,0x000000076610a570,0x000000076d280000)
 Metaspace       used 67729K, capacity 69840K, committed 69888K, reserved 1110016K
  class space    used 8494K, capacity 8958K, committed 8960K, reserved 1048576K
}
Event: 403.841 GC heap before
{Heap before GC invocations=33 (full 5):
 PSYoungGen      total 433152K, used 396754K [0x00000007a0000000, 0x00000007c0000000, 0x00000007c0000000)
  eden space 348672K, 99% used [0x00000007a0000000,0x00000007b5408af8,0x00000007b5480000)
  from space 84480K, 57% used [0x00000007b5480000,0x00000007b83ebd18,0x00000007ba700000)
  to   space 86016K, 0% used [0x00000007bac00000,0x00000007bac00000,0x00000007c0000000)
 ParOldGen       total 215552K, used 99369K [0x0000000760000000, 0x000000076d280000, 0x00000007a0000000)
  object space 215552K, 46% used [0x0000000760000000,0x000000076610a570,0x000000076d280000)
 Metaspace       used 67752K, capacity 69904K, committed 70144K, reserved 1110016K
  class space    used 8494K, capacity 8958K, committed 8960K, reserved 1048576K
Event: 403.892 GC heap after
Heap after GC invocations=33 (full 5):
 PSYoungGen      total 438272K, used 9229K [0x00000007a0000000, 0x00000007bfe80000, 0x00000007c0000000)
  eden space 353792K, 0% used [0x00000007a0000000,0x00000007a0000000,0x00000007b5980000)
  from space 84480K, 10% used [0x00000007bac00000,0x00000007bb503660,0x00000007bfe80000)
  to   space 84480K, 0% used [0x00000007b5980000,0x00000007b5980000,0x00000007bac00000)
 ParOldGen       total 215552K, used 118836K [0x0000000760000000, 0x000000076d280000, 0x00000007a0000000)
  object space 215552K, 55% used [0x0000000760000000,0x000000076740d070,0x000000076d280000)
 Metaspace       used 67752K, capacity 69904K, committed 70144K, reserved 1110016K
  class space    used 8494K, capacity 8958K, committed 8960K, reserved 1048576K
}
Event: 404.362 GC heap before
{Heap before GC invocations=34 (full 5):
 PSYoungGen      total 438272K, used 279523K [0x00000007a0000000, 0x00000007bfe80000, 0x00000007c0000000)
  eden space 353792K, 76% used [0x00000007a0000000,0x00000007b07f5740,0x00000007b5980000)
  from space 84480K, 10% used [0x00000007bac00000,0x00000007bb503660,0x00000007bfe80000)
  to   space 84480K, 0% used [0x00000007b5980000,0x00000007b5980000,0x00000007bac00000)
 ParOldGen       total 215552K, used 118836K [0x0000000760000000, 0x000000076d280000, 0x00000007a0000000)
  object space 215552K, 55% used [0x0000000760000000,0x000000076740d070,0x000000076d280000)
 Metaspace       used 67791K, capacity 69910K, committed 70144K, reserved 1110016K
  class space    used 8495K, capacity 8959K, committed 8960K, reserved 1048576K
Event: 404.376 GC heap after
Heap after GC invocations=34 (full 5):
 PSYoungGen      total 356864K, used 2994K [0x00000007a0000000, 0x00000007bfc80000, 0x00000007c0000000)
  eden space 353792K, 0% used [0x00000007a0000000,0x00000007a0000000,0x00000007b5980000)
  from space 3072K, 97% used [0x00000007b5980000,0x00000007b5c6c868,0x00000007b5c80000)
  to   space 83456K, 0% used [0x00000007bab00000,0x00000007bab00000,0x00000007bfc80000)
 ParOldGen       total 215552K, used 122900K [0x0000000760000000, 0x000000076d280000, 0x00000007a0000000)
  object space 215552K, 57% used [0x0000000760000000,0x00000007678051f0,0x000000076d280000)
 Metaspace       used 67791K, capacity 69910K, committed 70144K, reserved 1110016K
  class space    used 8495K, capacity 8959K, committed 8960K, reserved 1048576K
}
Event: 404.376 GC heap before
{Heap before GC invocations=35 (full 6):
 PSYoungGen      total 356864K, used 2994K [0x00000007a0000000, 0x00000007bfc80000, 0x00000007c0000000)
  eden space 353792K, 0% used [0x00000007a0000000,0x00000007a0000000,0x00000007b5980000)
  from space 3072K, 97% used [0x00000007b5980000,0x00000007b5c6c868,0x00000007b5c80000)
  to   space 83456K, 0% used [0x00000007bab00000,0x00000007bab00000,0x00000007bfc80000)
 ParOldGen       total 215552K, used 122900K [0x0000000760000000, 0x000000076d280000, 0x00000007a0000000)
  object space 215552K, 57% used [0x0000000760000000,0x00000007678051f0,0x000000076d280000)
 Metaspace       used 67791K, capacity 69910K, committed 70144K, reserved 1110016K
  class space    used 8495K, capacity 8959K, committed 8960K, reserved 1048576K
Event: 404.759 GC heap after
Heap after GC invocations=35 (full 6):
 PSYoungGen      total 356864K, used 0K [0x00000007a0000000, 0x00000007bfc80000, 0x00000007c0000000)
  eden space 353792K, 0% used [0x00000007a0000000,0x00000007a0000000,0x00000007b5980000)
  from space 3072K, 0% used [0x00000007b5980000,0x00000007b5980000,0x00000007b5c80000)
  to   space 83456K, 0% used [0x00000007bab00000,0x00000007bab00000,0x00000007bfc80000)
 ParOldGen       total 215552K, used 43788K [0x0000000760000000, 0x000000076d280000, 0x00000007a0000000)
  object space 215552K, 20% used [0x0000000760000000,0x0000000762ac3020,0x000000076d280000)
 Metaspace       used 67791K, capacity 69910K, committed 70144K, reserved 1110016K
  class space    used 8495K, capacity 8959K, committed 8960K, reserved 1048576K
}

Deoptimization events (10 events):
Event: 1232.486 Thread 0x00007fd8d4a1e800 Uncommon trap: reason=array_check action=maybe_recompile pc=0x000000010f214a98 method=java.util.ComparableTimSort.reverseRange([Ljava/lang/Object;II)V @ 27
Event: 1233.589 Thread 0x00007fd8d4a1e800 Uncommon trap: reason=class_check action=maybe_recompile pc=0x000000010ef68884 method=java.util.AbstractMap.isEmpty()Z @ 1
Event: 1233.591 Thread 0x00007fd8d4a1e800 Uncommon trap: reason=class_check action=maybe_recompile pc=0x000000010cf8c490 method=sun.misc.URLClassPath.findResource(Ljava/lang/String;Z)Ljava/net/URL; @ 26
Event: 1233.592 Thread 0x00007fd8d4a1e800 Uncommon trap: reason=class_check action=maybe_recompile pc=0x000000010cf8c490 method=sun.misc.URLClassPath.findResource(Ljava/lang/String;Z)Ljava/net/URL; @ 26
Event: 1233.619 Thread 0x00007fd8d4a1e800 Uncommon trap: reason=class_check action=maybe_recompile pc=0x000000010ef68884 method=java.util.AbstractMap.isEmpty()Z @ 1
Event: 1233.771 Thread 0x00007fd8d4a1e800 Uncommon trap: reason=class_check action=maybe_recompile pc=0x000000010cb4bc38 method=sun.misc.URLClassPath$1.next()Z @ 46
Event: 1233.771 Thread 0x00007fd8d4a1e800 Uncommon trap: reason=unstable_if action=reinterpret pc=0x000000010ed0f544 method=java.util.ServiceLoader.parseLine(Ljava/lang/Class;Ljava/net/URL;Ljava/io/BufferedReader;ILjava/util/List;)I @ 24
Event: 1233.786 Thread 0x00007fd8d4a1e800 Uncommon trap: reason=unstable_if action=reinterpret pc=0x000000010dcdb2d4 method=groovy.lang.MetaClassImpl.filterPropertyMethod(Ljava/lang/Object;ZZ)Ljava/lang/Object; @ 193
Event: 1233.856 Thread 0x00007fd8d4a1e800 Uncommon trap: reason=unstable_if action=reinterpret pc=0x000000010d612a84 method=sun.reflect.generics.reflectiveObjects.ParameterizedTypeImpl.<init>(Ljava/lang/Class;[Ljava/lang/reflect/Type;Ljava/lang/reflect/Type;)V @ 16
Event: 1233.856 Thread 0x00007fd8d4a1e800 Uncommon trap: reason=unstable_if action=reinterpret pc=0x000000010d5c2794 method=sun.reflect.generics.reflectiveObjects.ParameterizedTypeImpl.<init>(Ljava/lang/Class;[Ljava/lang/reflect/Type;Ljava/lang/reflect/Type;)V @ 16

Internal exceptions (10 events):
Event: 1233.862 Thread 0x00007fd8d4a1e800 Exception <a 'java/lang/ClassNotFoundException': org/jetbrains/plugins/gradle/tooling/builder/ExternalProjectBuilderImplBeanInfo> (0x00000007a8ab1ad0) thrown at [/Volumes/Android_AOSP/AOSP-openjdk/external/jetbrains/jdk/hotspot/src/share/vm/classfile/syst
Event: 1233.862 Thread 0x00007fd8d4a1e800 Exception <a 'java/lang/ClassNotFoundException': org/jetbrains/plugins/gradle/tooling/builder/ExternalProjectBuilderImplCustomizer> (0x00000007a8ac0c98) thrown at [/Volumes/Android_AOSP/AOSP-openjdk/external/jetbrains/jdk/hotspot/src/share/vm/classfile/sy
Event: 1233.864 Thread 0x00007fd8d4a1e800 Exception <a 'java/lang/ClassNotFoundException': org/jetbrains/plugins/gradle/model/ExternalProjectBeanInfo> (0x00000007a8afaaa0) thrown at [/Volumes/Android_AOSP/AOSP-openjdk/external/jetbrains/jdk/hotspot/src/share/vm/classfile/systemDictionary.cpp, lin
Event: 1233.864 Thread 0x00007fd8d4a1e800 Exception <a 'java/lang/ClassNotFoundException': org/jetbrains/plugins/gradle/model/ExternalProjectCustomizer> (0x00000007a8b07840) thrown at [/Volumes/Android_AOSP/AOSP-openjdk/external/jetbrains/jdk/hotspot/src/share/vm/classfile/systemDictionary.cpp, l
Event: 1233.865 Thread 0x00007fd8d4a1e800 Exception <a 'java/lang/ClassNotFoundException': org/jetbrains/plugins/gradle/model/ExternalProjectPreviewBeanInfo> (0x00000007a8b3ecb8) thrown at [/Volumes/Android_AOSP/AOSP-openjdk/external/jetbrains/jdk/hotspot/src/share/vm/classfile/systemDictionary.c
Event: 1233.865 Thread 0x00007fd8d4a1e800 Exception <a 'java/lang/ClassNotFoundException': org/jetbrains/plugins/gradle/model/ExternalProjectPreviewCustomizer> (0x00000007a8b4c850) thrown at [/Volumes/Android_AOSP/AOSP-openjdk/external/jetbrains/jdk/hotspot/src/share/vm/classfile/systemDictionary
Event: 1233.898 Thread 0x00007fd8d4a1e800 Exception <a 'java/lang/ClassNotFoundException': org/gradle/plugins/ide/idea/IdeaPluginBeanInfo> (0x00000007a8c75728) thrown at [/Volumes/Android_AOSP/AOSP-openjdk/external/jetbrains/jdk/hotspot/src/share/vm/classfile/systemDictionary.cpp, line 210]
Event: 1233.899 Thread 0x00007fd8d4a1e800 Exception <a 'java/lang/ClassNotFoundException': org/gradle/plugins/ide/internal/IdePluginBeanInfo> (0x00000007a8c8f328) thrown at [/Volumes/Android_AOSP/AOSP-openjdk/external/jetbrains/jdk/hotspot/src/share/vm/classfile/systemDictionary.cpp, line 210]
Event: 1233.899 Thread 0x00007fd8d4a1e800 Exception <a 'java/lang/ClassNotFoundException': org/gradle/plugins/ide/internal/IdePluginCustomizer> (0x00000007a8caa540) thrown at [/Volumes/Android_AOSP/AOSP-openjdk/external/jetbrains/jdk/hotspot/src/share/vm/classfile/systemDictionary.cpp, line 210]
Event: 1233.899 Thread 0x00007fd8d4a1e800 Exception <a 'java/lang/ClassNotFoundException': org/gradle/plugins/ide/idea/IdeaPluginCustomizer> (0x00000007a8cca090) thrown at [/Volumes/Android_AOSP/AOSP-openjdk/external/jetbrains/jdk/hotspot/src/share/vm/classfile/systemDictionary.cpp, line 210]

Events (10 events):
Event: 1233.899 loading class org/gradle/plugins/ide/idea/IdeaPluginCustomizer
Event: 1233.899 loading class org/gradle/plugins/ide/idea/IdeaPluginCustomizer done
Event: 1233.899 loading class org/gradle/plugins/ide/idea/IdeaPluginCustomizer
Event: 1233.899 loading class org/gradle/plugins/ide/idea/IdeaPluginCustomizer done
Event: 1233.900 loading class org/gradle/plugins/ide/idea/model/IdeaModule
Event: 1233.900 loading class org/gradle/plugins/ide/idea/model/IdeaModule done
Event: 1233.902 loading class org/gradle/plugins/ide/idea/model/IdeaProject
Event: 1233.902 loading class org/gradle/plugins/ide/idea/model/IdeaProject done
Event: 1233.902 loading class org/gradle/plugins/ide/idea/model/IdeaWorkspace
Event: 1233.902 loading class org/gradle/plugins/ide/idea/model/IdeaWorkspace done


Dynamic libraries:
0x0000000004424000 	/System/Library/Frameworks/Cocoa.framework/Versions/A/Cocoa
0x0000000004424000 	/System/Library/Frameworks/Security.framework/Versions/A/Security
0x0000000004424000 	/System/Library/Frameworks/ApplicationServices.framework/Versions/A/ApplicationServices
0x0000000004424000 	/usr/lib/libz.1.dylib
0x0000000004424000 	/usr/lib/libSystem.B.dylib
0x0000000004424000 	/usr/lib/libobjc.A.dylib
0x0000000004424000 	/System/Library/Frameworks/Foundation.framework/Versions/C/Foundation
0x0000000004424000 	/System/Library/Frameworks/CoreFoundation.framework/Versions/A/CoreFoundation
0x0000000004424000 	/System/Library/Frameworks/AppKit.framework/Versions/C/AppKit
0x0000000004424000 	/System/Library/Frameworks/CoreData.framework/Versions/A/CoreData
0x0000000004424000 	/System/Library/PrivateFrameworks/RemoteViewServices.framework/Versions/A/RemoteViewServices
0x0000000004424000 	/System/Library/PrivateFrameworks/UIFoundation.framework/Versions/A/UIFoundation
0x0000000004424000 	/usr/lib/libScreenReader.dylib
0x0000000004424000 	/System/Library/Frameworks/Accelerate.framework/Versions/A/Accelerate
0x0000000004424000 	/System/Library/Frameworks/IOSurface.framework/Versions/A/IOSurface
0x0000000004424000 	/System/Library/Frameworks/AudioToolbox.framework/Versions/A/AudioToolbox
0x0000000004424000 	/System/Library/Frameworks/AudioUnit.framework/Versions/A/AudioUnit
0x0000000004424000 	/System/Library/PrivateFrameworks/DataDetectorsCore.framework/Versions/A/DataDetectorsCore
0x0000000004424000 	/System/Library/PrivateFrameworks/DesktopServicesPriv.framework/Versions/A/DesktopServicesPriv
0x0000000004424000 	/System/Library/Frameworks/Carbon.framework/Versions/A/Frameworks/HIToolbox.framework/Versions/A/HIToolbox
0x0000000004424000 	/System/Library/Frameworks/QuartzCore.framework/Versions/A/QuartzCore
0x0000000004424000 	/System/Library/Frameworks/Carbon.framework/Versions/A/Frameworks/SpeechRecognition.framework/Versions/A/SpeechRecognition
0x0000000004424000 	/usr/lib/libauto.dylib
0x0000000004424000 	/usr/lib/libicucore.A.dylib
0x0000000004424000 	/usr/lib/libxml2.2.dylib
0x0000000004424000 	/System/Library/PrivateFrameworks/CoreUI.framework/Versions/A/CoreUI
0x0000000004424000 	/System/Library/Frameworks/CoreAudio.framework/Versions/A/CoreAudio
0x0000000004424000 	/System/Library/Frameworks/DiskArbitration.framework/Versions/A/DiskArbitration
0x0000000004424000 	/usr/lib/liblangid.dylib
0x0000000004424000 	/System/Library/PrivateFrameworks/MultitouchSupport.framework/Versions/A/MultitouchSupport
0x0000000004424000 	/System/Library/Frameworks/IOKit.framework/Versions/A/IOKit
0x0000000004424000 	/usr/lib/libDiagnosticMessagesClient.dylib
0x0000000004424000 	/System/Library/Frameworks/CoreServices.framework/Versions/A/CoreServices
0x0000000004424000 	/System/Library/PrivateFrameworks/PerformanceAnalysis.framework/Versions/A/PerformanceAnalysis
0x0000000004424000 	/System/Library/PrivateFrameworks/GenerationalStorage.framework/Versions/A/GenerationalStorage
0x0000000004424000 	/System/Library/Frameworks/OpenGL.framework/Versions/A/OpenGL
0x0000000004424000 	/System/Library/PrivateFrameworks/Sharing.framework/Versions/A/Sharing
0x0000000004424000 	/System/Library/Frameworks/CoreGraphics.framework/Versions/A/CoreGraphics
0x0000000004424000 	/System/Library/Frameworks/CoreImage.framework/Versions/A/CoreImage
0x0000000004424000 	/System/Library/Frameworks/CoreText.framework/Versions/A/CoreText
0x0000000004424000 	/System/Library/Frameworks/ImageIO.framework/Versions/A/ImageIO
0x0000000004424000 	/System/Library/PrivateFrameworks/Backup.framework/Versions/A/Backup
0x0000000004424000 	/usr/lib/libextension.dylib
0x0000000004424000 	/usr/lib/libarchive.2.dylib
0x0000000004424000 	/System/Library/Frameworks/CFNetwork.framework/Versions/A/CFNetwork
0x0000000004424000 	/System/Library/Frameworks/SystemConfiguration.framework/Versions/A/SystemConfiguration
0x0000000004424000 	/usr/lib/libCRFSuite.dylib
0x0000000004424000 	/usr/lib/libc++.1.dylib
0x0000000004424000 	/usr/lib/libc++abi.dylib
0x0000000004424000 	/usr/lib/system/libcache.dylib
0x0000000004424000 	/usr/lib/system/libcommonCrypto.dylib
0x0000000004424000 	/usr/lib/system/libcompiler_rt.dylib
0x0000000004424000 	/usr/lib/system/libcopyfile.dylib
0x0000000004424000 	/usr/lib/system/libcorecrypto.dylib
0x0000000004424000 	/usr/lib/system/libdispatch.dylib
0x0000000004424000 	/usr/lib/system/libdyld.dylib
0x0000000004424000 	/usr/lib/system/libkeymgr.dylib
0x0000000004424000 	/usr/lib/system/liblaunch.dylib
0x0000000004424000 	/usr/lib/system/libmacho.dylib
0x0000000004424000 	/usr/lib/system/libquarantine.dylib
0x0000000004424000 	/usr/lib/system/libremovefile.dylib
0x0000000004424000 	/usr/lib/system/libsystem_asl.dylib
0x0000000004424000 	/usr/lib/system/libsystem_blocks.dylib
0x0000000004424000 	/usr/lib/system/libsystem_c.dylib
0x0000000004424000 	/usr/lib/system/libsystem_configuration.dylib
0x0000000004424000 	/usr/lib/system/libsystem_coreservices.dylib
0x0000000004424000 	/usr/lib/system/libsystem_coretls.dylib
0x0000000004424000 	/usr/lib/system/libsystem_dnssd.dylib
0x0000000004424000 	/usr/lib/system/libsystem_info.dylib
0x0000000004424000 	/usr/lib/system/libsystem_kernel.dylib
0x0000000004424000 	/usr/lib/system/libsystem_m.dylib
0x0000000004424000 	/usr/lib/system/libsystem_malloc.dylib
0x0000000004424000 	/usr/lib/system/libsystem_network.dylib
0x0000000004424000 	/usr/lib/system/libsystem_networkextension.dylib
0x0000000004424000 	/usr/lib/system/libsystem_notify.dylib
0x0000000004424000 	/usr/lib/system/libsystem_platform.dylib
0x0000000004424000 	/usr/lib/system/libsystem_pthread.dylib
0x0000000004424000 	/usr/lib/system/libsystem_sandbox.dylib
0x0000000004424000 	/usr/lib/system/libsystem_secinit.dylib
0x0000000004424000 	/usr/lib/system/libsystem_trace.dylib
0x0000000004424000 	/usr/lib/system/libunc.dylib
0x0000000004424000 	/usr/lib/system/libunwind.dylib
0x0000000004424000 	/usr/lib/system/libxpc.dylib
0x0000000004424000 	/usr/lib/libenergytrace.dylib
0x0000000004424000 	/usr/lib/libbsm.0.dylib
0x0000000004424000 	/usr/lib/system/libkxld.dylib
0x0000000004424000 	/usr/lib/libxar.1.dylib
0x0000000004424000 	/usr/lib/libsqlite3.dylib
0x0000000004424000 	/usr/lib/libpam.2.dylib
0x0000000004424000 	/usr/lib/libOpenScriptingUtil.dylib
0x0000000004424000 	/usr/lib/libbz2.1.0.dylib
0x0000000004424000 	/usr/lib/liblzma.5.dylib
0x0000000004424000 	/System/Library/Frameworks/CoreServices.framework/Versions/A/Frameworks/FSEvents.framework/Versions/A/FSEvents
0x0000000004424000 	/System/Library/Frameworks/CoreServices.framework/Versions/A/Frameworks/CarbonCore.framework/Versions/A/CarbonCore
0x0000000004424000 	/System/Library/Frameworks/CoreServices.framework/Versions/A/Frameworks/Metadata.framework/Versions/A/Metadata
0x0000000004424000 	/System/Library/Frameworks/CoreServices.framework/Versions/A/Frameworks/OSServices.framework/Versions/A/OSServices
0x0000000004424000 	/System/Library/Frameworks/CoreServices.framework/Versions/A/Frameworks/SearchKit.framework/Versions/A/SearchKit
0x0000000004424000 	/System/Library/Frameworks/CoreServices.framework/Versions/A/Frameworks/AE.framework/Versions/A/AE
0x0000000004424000 	/System/Library/Frameworks/CoreServices.framework/Versions/A/Frameworks/LaunchServices.framework/Versions/A/LaunchServices
0x0000000004424000 	/System/Library/Frameworks/CoreServices.framework/Versions/A/Frameworks/DictionaryServices.framework/Versions/A/DictionaryServices
0x0000000004424000 	/System/Library/Frameworks/CoreServices.framework/Versions/A/Frameworks/SharedFileList.framework/Versions/A/SharedFileList
0x0000000004424000 	/System/Library/Frameworks/NetFS.framework/Versions/A/NetFS
0x0000000004424000 	/System/Library/PrivateFrameworks/NetAuth.framework/Versions/A/NetAuth
0x0000000004424000 	/System/Library/PrivateFrameworks/login.framework/Versions/A/Frameworks/loginsupport.framework/Versions/A/loginsupport
0x0000000004424000 	/System/Library/PrivateFrameworks/TCC.framework/Versions/A/TCC
0x0000000004424000 	/usr/lib/libmecabra.dylib
0x0000000004424000 	/System/Library/Frameworks/ApplicationServices.framework/Versions/A/Frameworks/ATS.framework/Versions/A/ATS
0x0000000004424000 	/System/Library/Frameworks/ApplicationServices.framework/Versions/A/Frameworks/ColorSync.framework/Versions/A/ColorSync
0x0000000004424000 	/System/Library/Frameworks/ApplicationServices.framework/Versions/A/Frameworks/HIServices.framework/Versions/A/HIServices
0x0000000004424000 	/System/Library/Frameworks/ApplicationServices.framework/Versions/A/Frameworks/LangAnalysis.framework/Versions/A/LangAnalysis
0x0000000004424000 	/System/Library/Frameworks/ApplicationServices.framework/Versions/A/Frameworks/PrintCore.framework/Versions/A/PrintCore
0x0000000004424000 	/System/Library/Frameworks/ApplicationServices.framework/Versions/A/Frameworks/QD.framework/Versions/A/QD
0x0000000004424000 	/System/Library/Frameworks/ApplicationServices.framework/Versions/A/Frameworks/SpeechSynthesis.framework/Versions/A/SpeechSynthesis
0x0000000004424000 	/System/Library/Frameworks/Metal.framework/Versions/A/Metal
0x0000000004424000 	/System/Library/Frameworks/Accelerate.framework/Versions/A/Frameworks/vImage.framework/Versions/A/vImage
0x0000000004424000 	/System/Library/Frameworks/Accelerate.framework/Versions/A/Frameworks/vecLib.framework/Versions/A/vecLib
0x0000000004424000 	/System/Library/Frameworks/Accelerate.framework/Versions/A/Frameworks/vecLib.framework/Versions/A/libvDSP.dylib
0x0000000004424000 	/System/Library/Frameworks/Accelerate.framework/Versions/A/Frameworks/vecLib.framework/Versions/A/libvMisc.dylib
0x0000000004424000 	/System/Library/Frameworks/Accelerate.framework/Versions/A/Frameworks/vecLib.framework/Versions/A/libLAPACK.dylib
0x0000000004424000 	/System/Library/Frameworks/Accelerate.framework/Versions/A/Frameworks/vecLib.framework/Versions/A/libBLAS.dylib
0x0000000004424000 	/System/Library/Frameworks/Accelerate.framework/Versions/A/Frameworks/vecLib.framework/Versions/A/libLinearAlgebra.dylib
0x0000000004424000 	/System/Library/Frameworks/Accelerate.framework/Versions/A/Frameworks/vecLib.framework/Versions/A/libSparseBLAS.dylib
0x0000000004424000 	/System/Library/PrivateFrameworks/GPUCompiler.framework/libmetal_timestamp.dylib
0x0000000004424000 	/System/Library/Frameworks/OpenGL.framework/Versions/A/Libraries/libCoreFSCache.dylib
0x0000000004424000 	/System/Library/PrivateFrameworks/IOAccelerator.framework/Versions/A/IOAccelerator
0x0000000004424000 	/System/Library/Frameworks/ApplicationServices.framework/Versions/A/Frameworks/ATS.framework/Versions/A/Resources/libFontParser.dylib
0x0000000004424000 	/System/Library/Frameworks/ApplicationServices.framework/Versions/A/Frameworks/ATS.framework/Versions/A/Resources/libFontRegistry.dylib
0x0000000004424000 	/System/Library/PrivateFrameworks/AppleVPA.framework/Versions/A/AppleVPA
0x0000000004424000 	/System/Library/PrivateFrameworks/AppleJPEG.framework/Versions/A/AppleJPEG
0x0000000004424000 	/System/Library/Frameworks/ImageIO.framework/Versions/A/Resources/libJPEG.dylib
0x0000000004424000 	/System/Library/Frameworks/ImageIO.framework/Versions/A/Resources/libTIFF.dylib
0x0000000004424000 	/System/Library/Frameworks/ImageIO.framework/Versions/A/Resources/libPng.dylib
0x0000000004424000 	/System/Library/Frameworks/ImageIO.framework/Versions/A/Resources/libGIF.dylib
0x0000000004424000 	/System/Library/Frameworks/ImageIO.framework/Versions/A/Resources/libJP2.dylib
0x0000000004424000 	/System/Library/Frameworks/ImageIO.framework/Versions/A/Resources/libRadiance.dylib
0x0000000004424000 	/System/Library/Frameworks/CoreVideo.framework/Versions/A/CoreVideo
0x0000000004424000 	/System/Library/Frameworks/OpenGL.framework/Versions/A/Libraries/libGLU.dylib
0x0000000004424000 	/System/Library/Frameworks/OpenGL.framework/Versions/A/Libraries/libGFXShared.dylib
0x0000000004424000 	/System/Library/Frameworks/OpenGL.framework/Versions/A/Libraries/libGL.dylib
0x0000000004424000 	/System/Library/Frameworks/OpenGL.framework/Versions/A/Libraries/libGLImage.dylib
0x0000000004424000 	/System/Library/Frameworks/OpenGL.framework/Versions/A/Libraries/libCVMSPluginSupport.dylib
0x0000000004424000 	/System/Library/Frameworks/OpenGL.framework/Versions/A/Libraries/libCoreVMClient.dylib
0x0000000004424000 	/usr/lib/libcompression.dylib
0x0000000004424000 	/usr/lib/libcups.2.dylib
0x0000000004424000 	/System/Library/Frameworks/Kerberos.framework/Versions/A/Kerberos
0x0000000004424000 	/System/Library/Frameworks/GSS.framework/Versions/A/GSS
0x0000000004424000 	/usr/lib/libresolv.9.dylib
0x0000000004424000 	/usr/lib/libiconv.2.dylib
0x0000000004424000 	/System/Library/PrivateFrameworks/Heimdal.framework/Versions/A/Heimdal
0x0000000004424000 	/usr/lib/libheimdal-asn1.dylib
0x0000000004424000 	/System/Library/Frameworks/OpenDirectory.framework/Versions/A/OpenDirectory
0x0000000004424000 	/System/Library/PrivateFrameworks/CommonAuth.framework/Versions/A/CommonAuth
0x0000000004424000 	/System/Library/Frameworks/OpenDirectory.framework/Versions/A/Frameworks/CFOpenDirectory.framework/Versions/A/CFOpenDirectory
0x0000000004424000 	/System/Library/Frameworks/SecurityFoundation.framework/Versions/A/SecurityFoundation
0x0000000004424000 	/System/Library/PrivateFrameworks/LanguageModeling.framework/Versions/A/LanguageModeling
0x0000000004424000 	/usr/lib/libmarisa.dylib
0x0000000004424000 	/usr/lib/libChineseTokenizer.dylib
0x0000000004424000 	/usr/lib/libcmph.dylib
0x0000000004424000 	/System/Library/Frameworks/ServiceManagement.framework/Versions/A/ServiceManagement
0x0000000004424000 	/usr/lib/libxslt.1.dylib
0x0000000004424000 	/System/Library/Frameworks/Carbon.framework/Versions/A/Frameworks/Ink.framework/Versions/A/Ink
0x0000000004424000 	/usr/lib/libFosl_dynamic.dylib
0x0000000004424000 	/System/Library/PrivateFrameworks/FaceCore.framework/Versions/A/FaceCore
0x0000000004424000 	/System/Library/Frameworks/OpenCL.framework/Versions/A/OpenCL
0x0000000004424000 	/System/Library/PrivateFrameworks/CrashReporterSupport.framework/Versions/A/CrashReporterSupport
0x0000000004424000 	/System/Library/PrivateFrameworks/IconServices.framework/Versions/A/IconServices
0x0000000004424000 	/System/Library/PrivateFrameworks/Apple80211.framework/Versions/A/Apple80211
0x0000000004424000 	/System/Library/Frameworks/CoreWLAN.framework/Versions/A/CoreWLAN
0x0000000004424000 	/System/Library/Frameworks/IOBluetooth.framework/Versions/A/IOBluetooth
0x0000000004424000 	/System/Library/PrivateFrameworks/CoreWiFi.framework/Versions/A/CoreWiFi
0x0000000004424000 	/System/Library/Frameworks/CoreBluetooth.framework/Versions/A/CoreBluetooth
0x0000000004424000 	/System/Library/PrivateFrameworks/ChunkingLibrary.framework/Versions/A/ChunkingLibrary
0x0000000004424000 	/System/Library/PrivateFrameworks/DebugSymbols.framework/Versions/A/DebugSymbols
0x0000000004424000 	/System/Library/PrivateFrameworks/CoreSymbolication.framework/Versions/A/CoreSymbolication
0x0000000004424000 	/System/Library/PrivateFrameworks/Symbolication.framework/Versions/A/Symbolication
0x0000000004424000 	/System/Library/PrivateFrameworks/SpeechRecognitionCore.framework/Versions/A/SpeechRecognitionCore
0x000000010ba00000 	/Applications/Android Studio.app/Contents/jre/jdk/Contents/Home/jre/lib/server/libjvm.dylib
0x0000000004424000 	/usr/lib/libstdc++.6.dylib
0x000000010a9a7000 	/Applications/Android Studio.app/Contents/jre/jdk/Contents/Home/jre/lib/libverify.dylib
0x000000010a9b4000 	/Applications/Android Studio.app/Contents/jre/jdk/Contents/Home/jre/lib/libjava.dylib
0x000000010a9f3000 	/Applications/Android Studio.app/Contents/jre/jdk/Contents/Home/jre/lib/libzip.dylib
0x0000000121819000 	/System/Library/Frameworks/JavaVM.framework/Frameworks/JavaRuntimeSupport.framework/JavaRuntimeSupport
0x0000000121834000 	/System/Library/Frameworks/JavaVM.framework/Versions/A/Frameworks/JavaNativeFoundation.framework/Versions/A/JavaNativeFoundation
0x0000000121849000 	/System/Library/Frameworks/JavaVM.framework/Versions/A/JavaVM
0x0000000004424000 	/System/Library/Frameworks/Carbon.framework/Versions/A/Carbon
0x0000000121856000 	/System/Library/PrivateFrameworks/JavaLaunching.framework/Versions/A/JavaLaunching
0x0000000004424000 	/System/Library/Frameworks/Carbon.framework/Versions/A/Frameworks/CommonPanels.framework/Versions/A/CommonPanels
0x0000000004424000 	/System/Library/Frameworks/Carbon.framework/Versions/A/Frameworks/Help.framework/Versions/A/Help
0x0000000004424000 	/System/Library/Frameworks/Carbon.framework/Versions/A/Frameworks/ImageCapture.framework/Versions/A/ImageCapture
0x0000000004424000 	/System/Library/Frameworks/Carbon.framework/Versions/A/Frameworks/OpenScripting.framework/Versions/A/OpenScripting
0x0000000004424000 	/System/Library/Frameworks/Carbon.framework/Versions/A/Frameworks/Print.framework/Versions/A/Print
0x0000000004424000 	/System/Library/Frameworks/Carbon.framework/Versions/A/Frameworks/SecurityHI.framework/Versions/A/SecurityHI
0x00000001234d1000 	/Applications/Android Studio.app/Contents/jre/jdk/Contents/Home/jre/lib/libnet.dylib
0x0000000123530000 	/Applications/Android Studio.app/Contents/jre/jdk/Contents/Home/jre/lib/libnio.dylib
0x00000001236d0000 	/Users/Louie/.gradle/native/19/osx-amd64/libnative-platform.dylib
0x000000012396b000 	/Applications/Android Studio.app/Contents/jre/jdk/Contents/Home/jre/lib/libmanagement.dylib

VM Arguments:
jvm_args: -Xmx1536m -Dfile.encoding=UTF-8 -Duser.country=US -Duser.language=en -Duser.variant 
java_command: org.gradle.launcher.daemon.bootstrap.GradleDaemon 2.14.1
java_class_path (initial): /Users/Louie/.gradle/wrapper/dists/gradle-2.14.1-all/8bnwg5hd3w55iofp58khbp6yv/gradle-2.14.1/lib/gradle-launcher-2.14.1.jar
Launcher Type: SUN_STANDARD

Environment Variables:
PATH=/usr/bin:/bin:/usr/sbin:/sbin
SHELL=/bin/bash

Signal Handlers:
SIGSEGV: [libjvm.dylib+0x57e9cd], sa_mask[0]=11111111011111110111111111111111, sa_flags=SA_ONSTACK|SA_RESTART|SA_SIGINFO
SIGBUS: [libjvm.dylib+0x57e9cd], sa_mask[0]=11111111011111110111111111111111, sa_flags=SA_RESTART|SA_SIGINFO
SIGFPE: [libjvm.dylib+0x45951c], sa_mask[0]=11111111011111110111111111111111, sa_flags=SA_RESTART|SA_SIGINFO
SIGPIPE: [libjvm.dylib+0x45951c], sa_mask[0]=11111111011111110111111111111111, sa_flags=SA_RESTART|SA_SIGINFO
SIGXFSZ: [libjvm.dylib+0x45951c], sa_mask[0]=11111111011111110111111111111111, sa_flags=SA_RESTART|SA_SIGINFO
SIGILL: [libjvm.dylib+0x45951c], sa_mask[0]=11111111011111110111111111111111, sa_flags=SA_RESTART|SA_SIGINFO
SIGUSR1: SIG_DFL, sa_mask[0]=00000000000000000000000000000000, sa_flags=none
SIGUSR2: [libjvm.dylib+0x45903a], sa_mask[0]=00100000000000000000000000000000, sa_flags=SA_RESTART|SA_SIGINFO
SIGHUP: [libjvm.dylib+0x457611], sa_mask[0]=11111111011111110111111111111111, sa_flags=SA_RESTART|SA_SIGINFO
SIGINT: [libjvm.dylib+0x457611], sa_mask[0]=11111111011111110111111111111111, sa_flags=SA_RESTART|SA_SIGINFO
SIGTERM: [libjvm.dylib+0x457611], sa_mask[0]=11111111011111110111111111111111, sa_flags=SA_RESTART|SA_SIGINFO
SIGQUIT: [libjvm.dylib+0x457611], sa_mask[0]=11111111011111110111111111111111, sa_flags=SA_RESTART|SA_SIGINFO


---------------  S Y S T E M  ---------------

OS:Bsduname:Darwin 15.6.0 Darwin Kernel Version 15.6.0: Mon Jan  9 23:07:29 PST 2017; root:xnu-3248.60.11.2.1~1/RELEASE_X86_64 x86_64
rlimit: STACK 8192k, CORE 0k, NPROC 709, NOFILE 10240, AS infinity
load average:1.70 2.44 2.89

CPU:total 8 (4 cores per cpu, 2 threads per core) family 6 model 58 stepping 9, cmov, cx8, fxsr, mmx, sse, sse2, sse3, ssse3, sse4.1, sse4.2, popcnt, avx, aes, clmul, erms, ht, tsc, tscinvbit, tscinv

Memory: 4k page, physical 8388608k(2030164k free)

/proc/meminfo:


vm_info: OpenJDK 64-Bit Server VM (25.112-b05) for bsd-amd64 JRE (1.8.0_112-release-b05), built on Sep 26 2016 14:04:06 by "builder" with gcc 4.2.1 (Based on Apple Inc. build 5658) (LLVM build 2336.11.00)

time: Mon Mar 13 20:01:48 2017
elapsed time: 1233 seconds (0d 0h 20m 33s)

